<?xml version="1.0" encoding="UTF-8"?>
<!-- Generated by org.testng.reporters.JUnitXMLReporter -->
<testsuite hostname="LAPTOP-3VC51P4M" ignored="0" name="Test" tests="3" failures="1" timestamp="2021-10-27T09:41:38 IST" time="0.08" errors="0">
  <testcase name="Test1" time="0.015" classname="ListenersDemo.ListDemo"/>
  <testcase name="Test2" time="0.002" classname="ListenersDemo.ListDemo">
    <failure type="java.lang.AssertionError" message="expected [B] but found [A]">
      <![CDATA[java.lang.AssertionError: expected [B] but found [A]
at ListenersDemo.ListDemo.Test2(ListDemo.java:18)
at java.util.ArrayList.forEach(Unknown Source)
... Removed 33 stack frames]]>
    </failure>
  </testcase> <!-- Test2 -->
  <testcase name="Test3" time="0.002" classname="ListenersDemo.ListDemo">
    <skipped/>
  </testcase> <!-- Test3 -->
</testsuite> <!-- Test -->
