<?xml version="1.0" encoding="UTF-8"?>
<testng-results skipped="0" failed="0" ignored="0" total="1" passed="1">
  <reporter-output>
  </reporter-output>
  <suite name="Default suite" duration-ms="12340" started-at="2021-10-29T09:09:03 IST" finished-at="2021-10-29T09:09:16 IST">
    <groups>
    </groups>
    <test name="Default test" duration-ms="12340" started-at="2021-10-29T09:09:03 IST" finished-at="2021-10-29T09:09:16 IST">
      <class name="Event_Handling.WindowHandling">
        <test-method status="PASS" signature="launch()[pri:0, instance:Event_Handling.WindowHandling@4f063c0a]" name="launch" duration-ms="12287" started-at="2021-10-29T09:09:03 IST" finished-at="2021-10-29T09:09:16 IST">
          <reporter-output>
          </reporter-output>
        </test-method> <!-- launch -->
      </class> <!-- Event_Handling.WindowHandling -->
    </test> <!-- Default test -->
  </suite> <!-- Default suite -->
</testng-results>
